d:\users\brandon\documents\visual studio 2015\projects\sironadriverapplication\sironadriverinterop\debug\vc140.pdb
d:\users\brandon\documents\visual studio 2015\projects\sironadriverapplication\sironadriverinterop\debug\sironadriverinterop.obj
d:\users\brandon\documents\visual studio 2015\projects\sironadriverapplication\sironadriverinterop\debug\assemblyinfo.obj
d:\users\brandon\documents\visual studio 2015\projects\sironadriverapplication\sironadriverinterop\debug\.netframework,version=v4.5.2.assemblyattributes.obj
d:\users\brandon\documents\visual studio 2015\projects\sironadriverapplication\sironadriverinterop\debug\.netframework,version=v4.5.2.assemblyattributes.asm
d:\users\brandon\documents\visual studio 2015\projects\sironadriverapplication\debug\sironadriverinterop.dll
d:\users\brandon\documents\visual studio 2015\projects\sironadriverapplication\debug\sironadriverinterop.pdb
d:\users\brandon\documents\visual studio 2015\projects\sironadriverapplication\sironadriverinterop\debug\app.res
d:\users\brandon\documents\visual studio 2015\projects\sironadriverapplication\sironadriverinterop\debug\sironadriverinterop.vcxprojresolveassemblyreference.cache
d:\users\brandon\documents\visual studio 2015\projects\sironadriverapplication\sironadriverinterop\debug\sironadr.61e08090.tlog\cl.command.1.tlog
d:\users\brandon\documents\visual studio 2015\projects\sironadriverapplication\sironadriverinterop\debug\sironadr.61e08090.tlog\cl.read.1.tlog
d:\users\brandon\documents\visual studio 2015\projects\sironadriverapplication\sironadriverinterop\debug\sironadr.61e08090.tlog\cl.write.1.tlog
d:\users\brandon\documents\visual studio 2015\projects\sironadriverapplication\sironadriverinterop\debug\sironadr.61e08090.tlog\link.command.1.tlog
d:\users\brandon\documents\visual studio 2015\projects\sironadriverapplication\sironadriverinterop\debug\sironadr.61e08090.tlog\link.read.1.tlog
d:\users\brandon\documents\visual studio 2015\projects\sironadriverapplication\sironadriverinterop\debug\sironadr.61e08090.tlog\link.write.1.tlog
d:\users\brandon\documents\visual studio 2015\projects\sironadriverapplication\sironadriverinterop\debug\sironadr.61e08090.tlog\metagen.read.1.tlog
d:\users\brandon\documents\visual studio 2015\projects\sironadriverapplication\sironadriverinterop\debug\sironadr.61e08090.tlog\metagen.write.1.tlog
d:\users\brandon\documents\visual studio 2015\projects\sironadriverapplication\sironadriverinterop\debug\sironadr.61e08090.tlog\rc.command.1.tlog
d:\users\brandon\documents\visual studio 2015\projects\sironadriverapplication\sironadriverinterop\debug\sironadr.61e08090.tlog\rc.read.1.tlog
d:\users\brandon\documents\visual studio 2015\projects\sironadriverapplication\sironadriverinterop\debug\sironadr.61e08090.tlog\rc.write.1.tlog
d:\users\brandon\documents\visual studio 2015\projects\sironadriverapplication\sironadriverinterop\debug\sironadr.61e08090.tlog\tzres.dll.bi
